<?xml version="1.0" encoding="UTF-8"?>
<!-- Generated by org.testng.reporters.JUnitXMLReporter -->
<testsuite hostname="LENOVO-PC" ignored="0" name="Test" tests="2" failures="2" timestamp="28 Sep 2021 14:20:09 GMT" time="32.195" errors="0">
  <testcase name="title" time="0.057" classname="Academy.E2EProject.ValidationTitle">
    <failure type="java.lang.AssertionError" message="expected [FEATURED COURSES1] but found [FEATURED COURSES]">
      <![CDATA[java.lang.AssertionError: expected [FEATURED COURSES1] but found [FEATURED COURSES]
at Academy.E2EProject.ValidationTitle.title(ValidationTitle.java:28)
... Removed 31 stack frames]]>
    </failure>
  </testcase> <!-- title -->
  <testcase name="title" time="0.076" classname="Academy.E2EProject.ValidationTitle">
    <failure type="java.lang.NullPointerException">
      <![CDATA[java.lang.NullPointerException
at Academy.E2EProject.base.getScreenShotPath(base.java:62)
at Academy.E2EProject.Listeners.onTestFailure(Listeners.java:34)
... Removed 22 stack frames]]>
    </failure>
  </testcase> <!-- title -->
</testsuite> <!-- Test -->
